<?xml version="1.0" encoding="UTF-8"?>
<robot generator="Robot 5.0 (Python 3.10.0 on win32)" generated="20220427 20:15:20.341" rpa="false" schemaversion="3">
<suite id="s1" name="Consulta Google" source="C:\Users\Tata\PycharmProjects\133PetsRobotFramework\consulta_google.robot">
<test id="s1-t1" name="Consulta Google" line="14">
<kw name="Acessar o Chrome na pagina &lt;https://www.google.com.br&gt;" sourcename="Acessar o ${browser} na pagina &lt;${url}&gt;">
<kw name="Open Browser" library="SeleniumLibrary">
<arg>${url}</arg>
<arg>${browser}</arg>
<doc>Opens a new browser instance to the optional ``url``.</doc>
<msg timestamp="20220427 20:15:20.761" level="INFO">Opening browser 'Chrome' to base url 'https://www.google.com.br'.</msg>
<status status="PASS" starttime="20220427 20:15:20.761" endtime="20220427 20:15:27.343"/>
</kw>
<status status="PASS" starttime="20220427 20:15:20.760" endtime="20220427 20:15:27.344"/>
</kw>
<kw name="Digitar &quot;Ovos de Páscoa&quot; na pesquisa" sourcename="Digitar &quot;${palavra_chave}&quot; na pesquisa">
<kw name="Set Test Variable" library="BuiltIn">
<arg>${palavra_chave}</arg>
<doc>Makes a variable available everywhere within the scope of the current test.</doc>
<msg timestamp="20220427 20:15:27.345" level="INFO">${palavra_chave} = Ovos de Páscoa</msg>
<status status="PASS" starttime="20220427 20:15:27.345" endtime="20220427 20:15:27.345"/>
</kw>
<kw name="Input Text" library="SeleniumLibrary">
<arg>name = q</arg>
<arg>${palavra_chave}</arg>
<doc>Types the given ``text`` into the text field identified by ``locator``.</doc>
<msg timestamp="20220427 20:15:27.346" level="INFO">Typing text 'Ovos de Páscoa' into text field 'name = q'.</msg>
<status status="PASS" starttime="20220427 20:15:27.345" endtime="20220427 20:15:27.542"/>
</kw>
<kw name="Press Keys" library="SeleniumLibrary">
<arg>name = q</arg>
<arg>ENTER</arg>
<doc>Simulates the user pressing key(s) to an element or on the active browser.</doc>
<msg timestamp="20220427 20:15:27.544" level="INFO">Sending key(s) ('ENTER',) to name = q element.</msg>
<msg timestamp="20220427 20:15:27.841" level="INFO">Pressing special key ENTER to element.</msg>
<msg timestamp="20220427 20:15:27.842" level="INFO">Releasing special key ENTER.</msg>
<status status="PASS" starttime="20220427 20:15:27.543" endtime="20220427 20:15:30.950"/>
</kw>
<status status="PASS" starttime="20220427 20:15:27.344" endtime="20220427 20:15:30.950"/>
</kw>
<kw name="Validar se aparece no titulo da guia o resultado esperado">
<kw name="Get Title" library="SeleniumLibrary">
<var>${titulo}</var>
<doc>Returns the title of the current page.</doc>
<msg timestamp="20220427 20:15:30.955" level="INFO">${titulo} = Ovos de Páscoa - Pesquisa Google</msg>
<status status="PASS" starttime="20220427 20:15:30.951" endtime="20220427 20:15:30.955"/>
</kw>
<kw name="Should Contain" library="BuiltIn">
<arg>${titulo}</arg>
<arg>${palavra_chave}</arg>
<doc>Fails if ``container`` does not contain ``item`` one or more times.</doc>
<status status="PASS" starttime="20220427 20:15:30.956" endtime="20220427 20:15:30.956"/>
</kw>
<status status="PASS" starttime="20220427 20:15:30.950" endtime="20220427 20:15:30.956"/>
</kw>
<kw name="Fechar o browser">
<kw name="Close Browser" library="SeleniumLibrary">
<doc>Closes the current browser.</doc>
<status status="PASS" starttime="20220427 20:15:30.957" endtime="20220427 20:15:33.200"/>
</kw>
<status status="PASS" starttime="20220427 20:15:30.956" endtime="20220427 20:15:33.200"/>
</kw>
<tag>rapido</tag>
<status status="PASS" starttime="20220427 20:15:20.759" endtime="20220427 20:15:33.201"/>
</test>
<doc>Teste de consulta no buscador Google
abre o navegador Chrome
e raliza a consulta</doc>
<status status="PASS" starttime="20220427 20:15:20.345" endtime="20220427 20:15:33.204"/>
</suite>
<statistics>
<total>
<stat pass="1" fail="0" skip="0">All Tests</stat>
</total>
<tag>
<stat pass="1" fail="0" skip="0">rapido</stat>
</tag>
<suite>
<stat pass="1" fail="0" skip="0" id="s1" name="Consulta Google">Consulta Google</stat>
</suite>
</statistics>
<errors>
</errors>
</robot>
